2025-05-11T19:40:48.674186+0100 INFO GET /health
2025-05-11T19:40:48.699144+0100 INFO Status code: 200, Processed in: 0.0279s
2025-05-11T19:44:21.652405+0100 INFO POST /auth/login
2025-05-11T19:44:21.657420+0100 INFO Status code: 200, Processed in: 0.0050s
2025-05-11T19:45:01.379634+0100 INFO GET /auth/me
2025-05-11T19:45:01.387632+0100 INFO Status code: 401, Processed in: 0.0080s
2025-05-11T20:04:12.418072+0100 INFO GET /auth/login
2025-05-11T20:04:12.423071+0100 INFO Status code: 405, Processed in: 0.0050s
2025-05-11T20:04:26.287711+0100 INFO POST /auth/login
2025-05-11T20:04:26.290757+0100 INFO Status code: 200, Processed in: 0.0030s
2025-05-11T20:12:22.566731+0100 INFO POST /auth/login
2025-05-11T20:12:22.571734+0100 INFO Status code: 200, Processed in: 0.0050s
2025-05-11T20:30:05.228381+0100 INFO POST /admin/users
2025-05-11T20:30:05.978998+0100 INFO Status code: 201, Processed in: 0.7516s
2025-05-11T20:30:07.412145+0100 INFO POST /admin/users
2025-05-11T20:30:07.421116+0100 INFO Status code: 403, Processed in: 0.0090s
2025-05-11T20:30:08.581285+0100 INFO GET /admin/users
2025-05-11T20:30:11.027383+0100 INFO PUT /admin/users/2
2025-05-11T20:30:13.063367+0100 INFO DELETE /admin/users/2
2025-05-11T20:30:13.078415+0100 INFO Status code: 200, Processed in: 0.0160s
2025-05-12T09:59:38.541681+0100 INFO POST /admin/users
2025-05-12T09:59:38.855829+0100 INFO Status code: 201, Processed in: 0.3141s
2025-05-12T09:59:39.182478+0100 INFO POST /admin/users
2025-05-12T09:59:39.466842+0100 INFO Status code: 201, Processed in: 0.2844s
2025-05-12T09:59:39.468799+0100 INFO POST /auth/login
2025-05-12T09:59:39.469800+0100 INFO Status code: 200, Processed in: 0.0010s
2025-05-12T09:59:40.032377+0100 INFO POST /admin/users
2025-05-12T09:59:40.044964+0100 INFO Status code: 400, Processed in: 0.0131s
2025-05-12T09:59:40.644055+0100 INFO POST /admin/users
2025-05-12T09:59:40.652094+0100 INFO Status code: 403, Processed in: 0.0080s
2025-05-12T09:59:41.810949+0100 INFO GET /admin/users
2025-05-12T09:59:43.740622+0100 INFO GET /admin/users
2025-05-12T09:59:44.840943+0100 INFO GET /admin/users/2
2025-05-12T09:59:45.454407+0100 INFO GET /admin/users/9999
2025-05-12T09:59:45.458398+0100 INFO Status code: 404, Processed in: 0.0040s
2025-05-12T09:59:45.994267+0100 INFO PUT /admin/users/2
2025-05-12T09:59:46.632069+0100 INFO DELETE /admin/users/2
2025-05-12T09:59:46.640069+0100 INFO Status code: 200, Processed in: 0.0080s
2025-05-12T09:59:46.998070+0100 INFO DELETE /admin/users/1
2025-05-12T09:59:47.006064+0100 INFO Status code: 400, Processed in: 0.0090s
2025-05-12T09:59:48.170445+0100 INFO GET /admin/reports
2025-05-12T09:59:48.186448+0100 INFO Status code: 422, Processed in: 0.0160s
2025-05-12T09:59:49.409366+0100 INFO GET /admin/reports
2025-05-12T09:59:49.418369+0100 INFO Status code: 422, Processed in: 0.0090s
2025-05-12T09:59:50.065516+0100 INFO GET /admin/reports
2025-05-12T09:59:50.073518+0100 INFO Status code: 422, Processed in: 0.0080s
2025-05-12T09:59:50.464698+0100 INFO POST /auth/login
2025-05-12T09:59:50.465702+0100 INFO Status code: 200, Processed in: 0.0010s
2025-05-12T09:59:50.754582+0100 INFO POST /auth/login
2025-05-12T09:59:50.755576+0100 INFO Status code: 200, Processed in: 0.0010s
2025-05-12T09:59:51.042271+0100 INFO POST /auth/login
2025-05-12T09:59:51.043272+0100 INFO Status code: 200, Processed in: 0.0010s
2025-05-12T09:59:51.324630+0100 INFO POST /auth/login
2025-05-12T09:59:51.324630+0100 INFO Status code: 200, Processed in: 0.0000s
2025-05-12T09:59:51.338634+0100 INFO POST /auth/login
2025-05-12T09:59:51.339631+0100 INFO Status code: 200, Processed in: 0.0010s
2025-05-12T09:59:51.629970+0100 INFO POST /auth/reset-password
2025-05-12T09:59:51.630927+0100 INFO Status code: 200, Processed in: 0.0010s
2025-05-12T09:59:51.911144+0100 INFO POST /auth/reset-password
2025-05-12T09:59:51.912188+0100 INFO Status code: 200, Processed in: 0.0010s
2025-05-12T09:59:52.207422+0100 INFO POST /auth/reset-password
2025-05-12T09:59:52.208467+0100 INFO Status code: 200, Processed in: 0.0010s
2025-05-12T09:59:52.494158+0100 INFO GET /auth/me
2025-05-12T09:59:52.497157+0100 INFO Status code: 200, Processed in: 0.0030s
2025-05-12T09:59:52.508158+0100 INFO GET /auth/me
2025-05-12T09:59:52.510157+0100 INFO Status code: 401, Processed in: 0.0020s
2025-05-12T09:59:53.649602+0100 INFO GET /admin/reports
2025-05-12T09:59:53.654571+0100 INFO Status code: 422, Processed in: 0.0050s
2025-05-12T09:59:53.666221+0100 INFO GET /admin/reports
2025-05-12T09:59:53.668231+0100 INFO Status code: 401, Processed in: 0.0020s
2025-05-12T09:59:56.535426+0100 INFO POST /submissions/
2025-05-12T09:59:56.536421+0100 INFO Status code: 200, Processed in: 0.0010s
2025-05-12T09:59:56.820419+0100 INFO POST /submissions/
2025-05-12T09:59:56.821421+0100 INFO Status code: 200, Processed in: 0.0020s
2025-05-12T09:59:57.756662+0100 INFO GET /submissions/9999
2025-05-12T09:59:57.761624+0100 INFO Status code: 404, Processed in: 0.0050s
2025-05-12T10:11:22.844566+0100 INFO POST /admin/users
2025-05-12T10:11:23.157565+0100 INFO Status code: 201, Processed in: 0.3130s
2025-05-12T10:11:23.446564+0100 INFO POST /admin/users
2025-05-12T10:11:23.719648+0100 INFO Status code: 201, Processed in: 0.2731s
2025-05-12T10:11:23.720550+0100 INFO POST /auth/login
2025-05-12T10:11:23.721562+0100 INFO Status code: 200, Processed in: 0.0010s
2025-05-12T10:11:24.266569+0100 INFO POST /admin/users
2025-05-12T10:11:24.271643+0100 INFO Status code: 400, Processed in: 0.0051s
2025-05-12T10:11:24.563645+0100 INFO POST /admin/users
2025-05-12T10:11:24.568596+0100 INFO Status code: 403, Processed in: 0.0050s
2025-05-12T10:11:25.129598+0100 INFO GET /admin/users
2025-05-12T10:11:26.128599+0100 INFO GET /admin/users
2025-05-12T10:11:28.002607+0100 INFO GET /admin/users/2
2025-05-12T10:11:29.251602+0100 INFO GET /admin/users/9999
2025-05-12T10:11:29.259604+0100 INFO Status code: 404, Processed in: 0.0080s
2025-05-12T10:11:29.967596+0100 INFO PUT /admin/users/2
2025-05-12T10:11:30.575433+0100 INFO DELETE /admin/users/2
2025-05-12T10:11:30.583439+0100 INFO Status code: 200, Processed in: 0.0080s
2025-05-12T10:11:30.856442+0100 INFO DELETE /admin/users/1
2025-05-12T10:11:30.861445+0100 INFO Status code: 400, Processed in: 0.0050s
2025-05-12T10:11:31.403398+0100 INFO GET /admin/reports
2025-05-12T10:11:31.413399+0100 INFO Status code: 422, Processed in: 0.0100s
2025-05-12T10:11:31.958448+0100 INFO GET /admin/reports
2025-05-12T10:11:31.962441+0100 INFO Status code: 422, Processed in: 0.0040s
2025-05-12T10:11:32.243445+0100 INFO GET /admin/reports
2025-05-12T10:11:32.249441+0100 INFO Status code: 422, Processed in: 0.0060s
2025-05-12T10:11:32.540455+0100 INFO POST /auth/login
2025-05-12T10:11:32.541455+0100 INFO Status code: 200, Processed in: 0.0010s
2025-05-12T10:11:32.818410+0100 INFO POST /auth/login
2025-05-12T10:11:32.819452+0100 INFO Status code: 200, Processed in: 0.0010s
2025-05-12T10:11:33.247411+0100 INFO POST /auth/login
2025-05-12T10:11:33.249409+0100 INFO Status code: 200, Processed in: 0.0020s
2025-05-12T10:11:33.838414+0100 INFO POST /auth/login
2025-05-12T10:11:33.840411+0100 INFO Status code: 200, Processed in: 0.0020s
2025-05-12T10:11:33.870417+0100 INFO POST /auth/login
2025-05-12T10:11:33.872420+0100 INFO Status code: 200, Processed in: 0.0020s
2025-05-12T10:11:34.477542+0100 INFO POST /auth/reset-password
2025-05-12T10:11:34.480469+0100 INFO Status code: 200, Processed in: 0.0029s
2025-05-12T10:11:35.097450+0100 INFO POST /auth/reset-password
2025-05-12T10:11:35.099459+0100 INFO Status code: 200, Processed in: 0.0020s
2025-05-12T10:11:35.462408+0100 INFO POST /auth/reset-password
2025-05-12T10:11:35.463410+0100 INFO Status code: 200, Processed in: 0.0010s
2025-05-12T10:11:35.750406+0100 INFO GET /auth/me
2025-05-12T10:11:35.753406+0100 INFO Status code: 200, Processed in: 0.0030s
2025-05-12T10:11:35.768408+0100 INFO GET /auth/me
2025-05-12T10:11:35.770408+0100 INFO Status code: 401, Processed in: 0.0020s
2025-05-12T10:11:36.897406+0100 INFO GET /admin/reports
2025-05-12T10:11:36.901407+0100 INFO Status code: 422, Processed in: 0.0040s
2025-05-12T10:11:36.912407+0100 INFO GET /admin/reports
2025-05-12T10:11:36.915407+0100 INFO Status code: 401, Processed in: 0.0030s
2025-05-12T10:11:38.577407+0100 INFO POST /submissions/
2025-05-12T10:11:38.578406+0100 INFO Status code: 200, Processed in: 0.0010s
2025-05-12T10:11:39.096412+0100 INFO POST /submissions/
2025-05-12T10:11:39.098410+0100 INFO Status code: 200, Processed in: 0.0020s
2025-05-12T10:11:40.986406+0100 INFO GET /submissions/9999
2025-05-12T10:11:40.991407+0100 INFO Status code: 404, Processed in: 0.0050s
